[    1174ms] [ERROR] A tree hydrated but some attributes of the server rendered HTML didn't match the client properties. This won't be patched up. This can happen if a SSR-ed Client Component used:

- A server/client branch `if (typeof window !== 'undefined')`.
- Variable input such as `Date.now()` or `Math.random()` which changes each time it's called.
- Date formatting in a user's locale which doesn't match the server.
- External changing data without sending a snapshot of it along with the HTML.
- Invalid HTML tag nesting.

It can also happen if the client has a browser extension installed which messes with the HTML before React loaded.

%s%s https://react.dev/link/hydration-mismatch 

  <VisionLab data-astro-cid-2la22fle={true}>
    <div className="vision-lab...">
      <div>
      <div className="lab-main l...">
        <div className="module-con...">
          <RealitySimulator>
            <div className="module-sim...">
              <div>
              <div className="simulator-...">
                <div>
                <div className="control-area">
                  <div>
                  <div className="intensity-...">
                    <div>
                    <input
                      type="range"
                      min="0"
                      max="100"
                      value={50}
                      onChange={function onChange}
                      disabled={true}
-                     style={{caret-color:"transparent"}}
                    >
                  ...
              ...
      ...
 @ http://localhost:4321/node_modules/.vite/deps/@astrojs_react_client__js.js?v=bcbf51aa:4073
